<?xml version="1.0" encoding="UTF-8"?>
<testsuite name="ArrayUtilsPBT" tests="1" skipped="0" failures="0" errors="0" timestamp="2025-02-17T19:03:01" hostname="DESKTOP-7ASSEIC" time="0.554">
  <properties/>
  <testcase name="countR1R2PositiveArrayNegative" classname="ArrayUtilsPBT" time="0.554"/>
  <system-out><![CDATA[timestamp = 2025-02-17T14:03:01.629, ArrayUtilsPBT:countR1R2PositiveArrayNegative = 
                              |--------------------jqwik--------------------
tries = 1000                  | # of calls to property
checks = 1000                 | # of not rejected calls
generation = RANDOMIZED       | parameters are randomly generated
after-failure = PREVIOUS_SEED | use the previous seed
when-fixed-seed = ALLOW       | fixing the random seed is allowed
edge-cases#mode = MIXIN       | edge cases are mixed in
edge-cases#total = 20         | # of all combined edge cases
edge-cases#tried = 20         | # of edge cases tried in current run
seed = -6553005364442473256   | random seed to reproduce generated values


]]></system-out>
  <system-err><![CDATA[]]></system-err>
</testsuite>
